Determining if the pthread_create exist failed with the following output:
Change Dir: /home/mxc/CLionProjects/FirstAIFramework/cmake-build-debug/CMakeFiles/CMakeTmp

Run Build Command:"/usr/bin/make" "cmTC_e5522/fast"
/usr/bin/make -f CMakeFiles/cmTC_e5522.dir/build.make CMakeFiles/cmTC_e5522.dir/build
make[1]: Entering directory '/home/mxc/CLionProjects/FirstAIFramework/cmake-build-debug/CMakeFiles/CMakeTmp'
Building C object CMakeFiles/cmTC_e5522.dir/CheckSymbolExists.c.o
/usr/bin/cc     -o CMakeFiles/cmTC_e5522.dir/CheckSymbolExists.c.o   -c /home/mxc/CLionProjects/FirstAIFramework/cmake-build-debug/CMakeFiles/CMakeTmp/CheckSymbolExists.c
Linking C executable cmTC_e5522
/home/mxc/下载/clion-2017.1.1/bin/cmake/bin/cmake -E cmake_link_script CMakeFiles/cmTC_e5522.dir/link.txt --verbose=1
/usr/bin/cc       CMakeFiles/cmTC_e5522.dir/CheckSymbolExists.c.o  -o cmTC_e5522 
CMakeFiles/cmTC_e5522.dir/CheckSymbolExists.c.o：在函数‘main’中：
CheckSymbolExists.c:(.text+0x16)：对‘pthread_create’未定义的引用
collect2: error: ld returned 1 exit status
CMakeFiles/cmTC_e5522.dir/build.make:97: recipe for target 'cmTC_e5522' failed
make[1]: *** [cmTC_e5522] Error 1
make[1]: Leaving directory '/home/mxc/CLionProjects/FirstAIFramework/cmake-build-debug/CMakeFiles/CMakeTmp'
Makefile:126: recipe for target 'cmTC_e5522/fast' failed
make: *** [cmTC_e5522/fast] Error 2

File /home/mxc/CLionProjects/FirstAIFramework/cmake-build-debug/CMakeFiles/CMakeTmp/CheckSymbolExists.c:
/* */
#include <pthread.h>

int main(int argc, char** argv)
{
  (void)argv;
#ifndef pthread_create
  return ((int*)(&pthread_create))[argc];
#else
  (void)argc;
  return 0;
#endif
}

Determining if the function pthread_create exists in the pthreads failed with the following output:
Change Dir: /home/mxc/CLionProjects/FirstAIFramework/cmake-build-debug/CMakeFiles/CMakeTmp

Run Build Command:"/usr/bin/make" "cmTC_2e4e6/fast"
/usr/bin/make -f CMakeFiles/cmTC_2e4e6.dir/build.make CMakeFiles/cmTC_2e4e6.dir/build
make[1]: Entering directory '/home/mxc/CLionProjects/FirstAIFramework/cmake-build-debug/CMakeFiles/CMakeTmp'
Building C object CMakeFiles/cmTC_2e4e6.dir/CheckFunctionExists.c.o
/usr/bin/cc    -DCHECK_FUNCTION_EXISTS=pthread_create   -o CMakeFiles/cmTC_2e4e6.dir/CheckFunctionExists.c.o   -c /home/mxc/下载/clion-2017.1.1/bin/cmake/share/cmake-3.7/Modules/CheckFunctionExists.c
Linking C executable cmTC_2e4e6
/home/mxc/下载/clion-2017.1.1/bin/cmake/bin/cmake -E cmake_link_script CMakeFiles/cmTC_2e4e6.dir/link.txt --verbose=1
/usr/bin/cc   -DCHECK_FUNCTION_EXISTS=pthread_create    CMakeFiles/cmTC_2e4e6.dir/CheckFunctionExists.c.o  -o cmTC_2e4e6 -lpthreads 
/usr/bin/ld: 找不到 -lpthreads
collect2: error: ld returned 1 exit status
CMakeFiles/cmTC_2e4e6.dir/build.make:97: recipe for target 'cmTC_2e4e6' failed
make[1]: *** [cmTC_2e4e6] Error 1
make[1]: Leaving directory '/home/mxc/CLionProjects/FirstAIFramework/cmake-build-debug/CMakeFiles/CMakeTmp'
Makefile:126: recipe for target 'cmTC_2e4e6/fast' failed
make: *** [cmTC_2e4e6/fast] Error 2


